info:  LALALALA
info:  LALALALA
fatal:  LALALALA
info:  LALALALA
fatal:  LALALALA
info:  PROBANDO EL 
fatal:  LOGGER !! 
info:  PROBANDO EL 
fatal:  LOGGER !! 
info:  PROBANDO EL 
fatal:  LOGGER !! 
info:  PROBANDO EL 
fatal:  LOGGER !! 
info:  PROBANDO EL 
fatal:  LOGGER !! 
info:  PROBANDO EL 
fatal:  LOGGER !! 
fatal:  PROBANDO ELLOGGER 
info:  PROBANDO EL 
fatal:  LOGGER !! 
fatal:  PROBANDO ELLOGGER 
info:  PROBANDO EL 
fatal:  LOGGER !! 
info:  PROBANDO EL 
fatal:  LOGGER !! 
fatal:  PROBANDO ELLOGGER 
error:   PROBANDO ELLOGGER ! 
warn:   PROBANDO ELLOGGER  
info:  PROBANDO ELLOGGER  
info:  PROBANDO EL 
fatal:  LOGGER !! 
info: resultado
info: [object Object]
info:  CONNECTADO DESDE : 
info:  process.env.PORT
info:  PROBANDO EL 
fatal:  LOGGER !! 
info: resultado
info: [object Object]
info:  CONNECTADO DESDE : 
info:  process.env.PORT
info: resultado
info: [object Object]
info:  CONNECTADO DESDE : 
info:  process.env.PORT
info: Servidor levantado
info: resultado
info: [object Object]
info:  CONNECTADO DESDE : 
info:  process.env.PORT
info: resultado
info: [object Object]
info:  CONNECTADO DESDE : 
info:  process.env.PORT
warn: Servidor levantado
info: resultado
info: [object Object]
info:  CONNECTADO DESDE : 
info:  process.env.PORT
warn: Servidor levantado
fatal:  PROBANDO ELLOGGER 
error:   PROBANDO ELLOGGER ! 
warn:   PROBANDO ELLOGGER  
info:  PROBANDO ELLOGGER  
info: resultado
info: [object Object]
info:  CONNECTADO DESDE : 
info:  process.env.PORT
warn: Servidor levantado
fatal:  PROBANDO ELLOGGER 
error:   PROBANDO ELLOGGER ! 
warn:   PROBANDO ELLOGGER  
info:  PROBANDO ELLOGGER  
info: resultado
info: [object Object]
info:  CONNECTADO DESDE : 
info:  process.env.PORT
warn: Servidor levantado
info: resultado
info: [object Object]
info:  CONNECTADO DESDE : 
info:  process.env.PORT
warn: Servidor levantado
info: resultado
info: [object Object]
info:  CONNECTADO DESDE : 
info:  process.env.PORT
warn: Servidor levantado
info: resultado
info: [object Object]
info:  CONNECTADO DESDE : 
info:  process.env.PORT
warn: Servidor levantado
info: resultado
info: [object Object]
info:  CONNECTADO DESDE : 
info:  process.env.PORT
warn: Servidor levantado
info: resultado
info: [object Object]
info:  CONNECTADO DESDE : 
info:  process.env.PORT
warn: Servidor levantado
info: resultado
info: [object Object]
info:  CONNECTADO DESDE : 
info:  process.env.PORT
warn: Servidor levantado
info: resultado
info: [object Object]
info:  CONNECTADO DESDE : 
info:  process.env.PORT
warn: Servidor levantado
info: resultado
info: [object Object]
info:  CONNECTADO DESDE : 
info:  process.env.PORT
warn: Servidor levantado
info: resultado
info: [object Object]
info:  CONNECTADO DESDE : 
info:  process.env.PORT
warn: Servidor levantado
info: resultado
info: [object Object]
info:  CONNECTADO DESDE : 
info:  process.env.PORT
warn: Servidor levantado
info: resultado
info: [object Object]
info:  CONNECTADO DESDE : 
info:  process.env.PORT
warn: Servidor levantado
info: resultado
info: [object Object]
info:  CONNECTADO DESDE : 
info:  process.env.PORT
warn: Servidor levantado
info: resultado
info: [object Object]
info:  CONNECTADO DESDE : 
info:  process.env.PORT
warn: Servidor levantado
info: resultado
info: [object Object]
info:  CONNECTADO DESDE : 
info:  process.env.PORT
warn: Servidor levantado
info: resultado
info: [object Object]
info:  CONNECTADO DESDE : 
info:  process.env.PORT
warn: Servidor levantado
info: resultado
info: [object Object]
info:  CONNECTADO DESDE : 
info:  process.env.PORT
warn: Servidor levantado
info: resultado
info: [object Object]
info:  CONNECTADO DESDE : 
info:  process.env.PORT
warn: Servidor levantado
info: resultado
info: [object Object]
info:  CONNECTADO DESDE : 
info:  process.env.PORT
warn: Servidor levantado
info: resultado
info: [object Object]
info:  CONNECTADO DESDE : 
info:  process.env.PORT
warn: Servidor levantado
